[INFO] Starting sequential skull-stripping...
[INFO] Stripping /Volumes/SEAGATE_NIKHIL/OASIS_Processed/OAS2_0001/session_1/T1_avg.mgz...
[ERROR] Failed to strip /Volumes/SEAGATE_NIKHIL/OASIS_Processed/OAS2_0001/session_1/T1_avg.mgz
[WARN] Missing /Volumes/SEAGATE_NIKHIL/OASIS_Processed/OAS2_0001/session_2/T1_avg.mgz, skipping.
[WARN] Missing /Volumes/SEAGATE_NIKHIL/OASIS_Processed/OAS2_0002/session_1/T1_avg.mgz, skipping.
[WARN] Missing /Volumes/SEAGATE_NIKHIL/OASIS_Processed/OAS2_0002/session_2/T1_avg.mgz, skipping.
[WARN] Missing /Volumes/SEAGATE_NIKHIL/OASIS_Processed/OAS2_0002/session_3/T1_avg.mgz, skipping.
[WARN] Missing /Volumes/SEAGATE_NIKHIL/OASIS_Processed/OAS2_0004/session_1/T1_avg.mgz, skipping.
[WARN] Missing /Volumes/SEAGATE_NIKHIL/OASIS_Processed/OAS2_0004/session_2/T1_avg.mgz, skipping.
[WARN] Missing /Volumes/SEAGATE_NIKHIL/OASIS_Processed/OAS2_0005/session_1/T1_avg.mgz, skipping.
[WARN] Missing /Volumes/SEAGATE_NIKHIL/OASIS_Processed/OAS2_0005/session_2/T1_avg.mgz, skipping.
[WARN] Missing /Volumes/SEAGATE_NIKHIL/OASIS_Processed/OAS2_0005/session_3/T1_avg.mgz, skipping.
[WARN] Missing /Volumes/SEAGATE_NIKHIL/OASIS_Processed/OAS2_0007/session_1/T1_avg.mgz, skipping.
[WARN] Missing /Volumes/SEAGATE_NIKHIL/OASIS_Processed/OAS2_0007/session_3/T1_avg.mgz, skipping.
[WARN] Missing /Volumes/SEAGATE_NIKHIL/OASIS_Processed/OAS2_0007/session_4/T1_avg.mgz, skipping.
[WARN] Missing /Volumes/SEAGATE_NIKHIL/OASIS_Processed/OAS2_0008/session_1/T1_avg.mgz, skipping.
[WARN] Missing /Volumes/SEAGATE_NIKHIL/OASIS_Processed/OAS2_0008/session_2/T1_avg.mgz, skipping.
[WARN] Missing /Volumes/SEAGATE_NIKHIL/OASIS_Processed/OAS2_0009/session_1/T1_avg.mgz, skipping.
[WARN] Missing /Volumes/SEAGATE_NIKHIL/OASIS_Processed/OAS2_0009/session_2/T1_avg.mgz, skipping.
[WARN] Missing /Volumes/SEAGATE_NIKHIL/OASIS_Processed/OAS2_0010/session_1/T1_avg.mgz, skipping.
[WARN] Missing /Volumes/SEAGATE_NIKHIL/OASIS_Processed/OAS2_0010/session_2/T1_avg.mgz, skipping.
[WARN] Missing /Volumes/SEAGATE_NIKHIL/OASIS_Processed/OAS2_0012/session_1/T1_avg.mgz, skipping.
[WARN] Missing /Volumes/SEAGATE_NIKHIL/OASIS_Processed/OAS2_0012/session_2/T1_avg.mgz, skipping.
[WARN] Missing /Volumes/SEAGATE_NIKHIL/OASIS_Processed/OAS2_0012/session_3/T1_avg.mgz, skipping.
[WARN] Missing /Volumes/SEAGATE_NIKHIL/OASIS_Processed/OAS2_0013/session_1/T1_avg.mgz, skipping.
[WARN] Missing /Volumes/SEAGATE_NIKHIL/OASIS_Processed/OAS2_0013/session_2/T1_avg.mgz, skipping.
[WARN] Missing /Volumes/SEAGATE_NIKHIL/OASIS_Processed/OAS2_0013/session_3/T1_avg.mgz, skipping.
[WARN] Missing /Volumes/SEAGATE_NIKHIL/OASIS_Processed/OAS2_0014/session_1/T1_avg.mgz, skipping.
[WARN] Missing /Volumes/SEAGATE_NIKHIL/OASIS_Processed/OAS2_0014/session_2/T1_avg.mgz, skipping.
[WARN] Missing /Volumes/SEAGATE_NIKHIL/OASIS_Processed/OAS2_0016/session_1/T1_avg.mgz, skipping.
[WARN] Missing /Volumes/SEAGATE_NIKHIL/OASIS_Processed/OAS2_0016/session_2/T1_avg.mgz, skipping.
[WARN] Missing /Volumes/SEAGATE_NIKHIL/OASIS_Processed/OAS2_0017/session_1/T1_avg.mgz, skipping.
[WARN] Missing /Volumes/SEAGATE_NIKHIL/OASIS_Processed/OAS2_0017/session_3/T1_avg.mgz, skipping.
[WARN] Missing /Volumes/SEAGATE_NIKHIL/OASIS_Processed/OAS2_0017/session_4/T1_avg.mgz, skipping.
[WARN] Missing /Volumes/SEAGATE_NIKHIL/OASIS_Processed/OAS2_0017/session_5/T1_avg.mgz, skipping.
[WARN] Missing /Volumes/SEAGATE_NIKHIL/OASIS_Processed/OAS2_0018/session_1/T1_avg.mgz, skipping.
[WARN] Missing /Volumes/SEAGATE_NIKHIL/OASIS_Processed/OAS2_0018/session_3/T1_avg.mgz, skipping.
[WARN] Missing /Volumes/SEAGATE_NIKHIL/OASIS_Processed/OAS2_0018/session_4/T1_avg.mgz, skipping.
[WARN] Missing /Volumes/SEAGATE_NIKHIL/OASIS_Processed/OAS2_0020/session_1/T1_avg.mgz, skipping.
[WARN] Missing /Volumes/SEAGATE_NIKHIL/OASIS_Processed/OAS2_0020/session_2/T1_avg.mgz, skipping.
[WARN] Missing /Volumes/SEAGATE_NIKHIL/OASIS_Processed/OAS2_0020/session_3/T1_avg.mgz, skipping.
[WARN] Missing /Volumes/SEAGATE_NIKHIL/OASIS_Processed/OAS2_0021/session_1/T1_avg.mgz, skipping.
[WARN] Missing /Volumes/SEAGATE_NIKHIL/OASIS_Processed/OAS2_0021/session_2/T1_avg.mgz, skipping.
[WARN] Missing /Volumes/SEAGATE_NIKHIL/OASIS_Processed/OAS2_0022/session_1/T1_avg.mgz, skipping.
[WARN] Missing /Volumes/SEAGATE_NIKHIL/OASIS_Processed/OAS2_0022/session_2/T1_avg.mgz, skipping.
[WARN] Missing /Volumes/SEAGATE_NIKHIL/OASIS_Processed/OAS2_0023/session_1/T1_avg.mgz, skipping.
[WARN] Missing /Volumes/SEAGATE_NIKHIL/OASIS_Processed/OAS2_0023/session_2/T1_avg.mgz, skipping.
[WARN] Missing /Volumes/SEAGATE_NIKHIL/OASIS_Processed/OAS2_0026/session_1/T1_avg.mgz, skipping.
[WARN] Missing /Volumes/SEAGATE_NIKHIL/OASIS_Processed/OAS2_0026/session_2/T1_avg.mgz, skipping.
[WARN] Missing /Volumes/SEAGATE_NIKHIL/OASIS_Processed/OAS2_0027/session_1/T1_avg.mgz, skipping.
[WARN] Missing /Volumes/SEAGATE_NIKHIL/OASIS_Processed/OAS2_0027/session_2/T1_avg.mgz, skipping.
[WARN] Missing /Volumes/SEAGATE_NIKHIL/OASIS_Processed/OAS2_0027/session_3/T1_avg.mgz, skipping.
[WARN] Missing /Volumes/SEAGATE_NIKHIL/OASIS_Processed/OAS2_0027/session_4/T1_avg.mgz, skipping.
[WARN] Missing /Volumes/SEAGATE_NIKHIL/OASIS_Processed/OAS2_0028/session_1/T1_avg.mgz, skipping.
[WARN] Missing /Volumes/SEAGATE_NIKHIL/OASIS_Processed/OAS2_0028/session_2/T1_avg.mgz, skipping.
[WARN] Missing /Volumes/SEAGATE_NIKHIL/OASIS_Processed/OAS2_0029/session_1/T1_avg.mgz, skipping.
[WARN] Missing /Volumes/SEAGATE_NIKHIL/OASIS_Processed/OAS2_0029/session_2/T1_avg.mgz, skipping.
[WARN] Missing /Volumes/SEAGATE_NIKHIL/OASIS_Processed/OAS2_0030/session_1/T1_avg.mgz, skipping.
[WARN] Missing /Volumes/SEAGATE_NIKHIL/OASIS_Processed/OAS2_0030/session_2/T1_avg.mgz, skipping.
[WARN] Missing /Volumes/SEAGATE_NIKHIL/OASIS_Processed/OAS2_0031/session_1/T1_avg.mgz, skipping.
[WARN] Missing /Volumes/SEAGATE_NIKHIL/OASIS_Processed/OAS2_0031/session_2/T1_avg.mgz, skipping.
[WARN] Missing /Volumes/SEAGATE_NIKHIL/OASIS_Processed/OAS2_0031/session_3/T1_avg.mgz, skipping.
[WARN] Missing /Volumes/SEAGATE_NIKHIL/OASIS_Processed/OAS2_0032/session_1/T1_avg.mgz, skipping.
[WARN] Missing /Volumes/SEAGATE_NIKHIL/OASIS_Processed/OAS2_0032/session_2/T1_avg.mgz, skipping.
[WARN] Missing /Volumes/SEAGATE_NIKHIL/OASIS_Processed/OAS2_0034/session_1/T1_avg.mgz, skipping.
[WARN] Missing /Volumes/SEAGATE_NIKHIL/OASIS_Processed/OAS2_0034/session_2/T1_avg.mgz, skipping.
[WARN] Missing /Volumes/SEAGATE_NIKHIL/OASIS_Processed/OAS2_0034/session_3/T1_avg.mgz, skipping.
[WARN] Missing /Volumes/SEAGATE_NIKHIL/OASIS_Processed/OAS2_0034/session_4/T1_avg.mgz, skipping.
[WARN] Missing /Volumes/SEAGATE_NIKHIL/OASIS_Processed/OAS2_0035/session_1/T1_avg.mgz, skipping.
[WARN] Missing /Volumes/SEAGATE_NIKHIL/OASIS_Processed/OAS2_0035/session_2/T1_avg.mgz, skipping.
[WARN] Missing /Volumes/SEAGATE_NIKHIL/OASIS_Processed/OAS2_0036/session_1/T1_avg.mgz, skipping.
[WARN] Missing /Volumes/SEAGATE_NIKHIL/OASIS_Processed/OAS2_0036/session_3/T1_avg.mgz, skipping.
[WARN] Missing /Volumes/SEAGATE_NIKHIL/OASIS_Processed/OAS2_0036/session_4/T1_avg.mgz, skipping.
[WARN] Missing /Volumes/SEAGATE_NIKHIL/OASIS_Processed/OAS2_0036/session_5/T1_avg.mgz, skipping.
[WARN] Missing /Volumes/SEAGATE_NIKHIL/OASIS_Processed/OAS2_0037/session_1/T1_avg.mgz, skipping.
[WARN] Missing /Volumes/SEAGATE_NIKHIL/OASIS_Processed/OAS2_0037/session_2/T1_avg.mgz, skipping.
[WARN] Missing /Volumes/SEAGATE_NIKHIL/OASIS_Processed/OAS2_0037/session_3/T1_avg.mgz, skipping.
[WARN] Missing /Volumes/SEAGATE_NIKHIL/OASIS_Processed/OAS2_0037/session_4/T1_avg.mgz, skipping.
[WARN] Missing /Volumes/SEAGATE_NIKHIL/OASIS_Processed/OAS2_0039/session_1/T1_avg.mgz, skipping.
[WARN] Missing /Volumes/SEAGATE_NIKHIL/OASIS_Processed/OAS2_0039/session_2/T1_avg.mgz, skipping.
[WARN] Missing /Volumes/SEAGATE_NIKHIL/OASIS_Processed/OAS2_0040/session_1/T1_avg.mgz, skipping.
[WARN] Missing /Volumes/SEAGATE_NIKHIL/OASIS_Processed/OAS2_0040/session_2/T1_avg.mgz, skipping.
[WARN] Missing /Volumes/SEAGATE_NIKHIL/OASIS_Processed/OAS2_0040/session_3/T1_avg.mgz, skipping.
[WARN] Missing /Volumes/SEAGATE_NIKHIL/OASIS_Processed/OAS2_0041/session_1/T1_avg.mgz, skipping.
[WARN] Missing /Volumes/SEAGATE_NIKHIL/OASIS_Processed/OAS2_0041/session_2/T1_avg.mgz, skipping.
[WARN] Missing /Volumes/SEAGATE_NIKHIL/OASIS_Processed/OAS2_0041/session_3/T1_avg.mgz, skipping.
[WARN] Missing /Volumes/SEAGATE_NIKHIL/OASIS_Processed/OAS2_0042/session_1/T1_avg.mgz, skipping.
[WARN] Missing /Volumes/SEAGATE_NIKHIL/OASIS_Processed/OAS2_0042/session_2/T1_avg.mgz, skipping.
[WARN] Missing /Volumes/SEAGATE_NIKHIL/OASIS_Processed/OAS2_0043/session_1/T1_avg.mgz, skipping.
[WARN] Missing /Volumes/SEAGATE_NIKHIL/OASIS_Processed/OAS2_0043/session_2/T1_avg.mgz, skipping.
[WARN] Missing /Volumes/SEAGATE_NIKHIL/OASIS_Processed/OAS2_0044/session_1/T1_avg.mgz, skipping.
[WARN] Missing /Volumes/SEAGATE_NIKHIL/OASIS_Processed/OAS2_0044/session_2/T1_avg.mgz, skipping.
[WARN] Missing /Volumes/SEAGATE_NIKHIL/OASIS_Processed/OAS2_0044/session_3/T1_avg.mgz, skipping.
[WARN] Missing /Volumes/SEAGATE_NIKHIL/OASIS_Processed/OAS2_0045/session_1/T1_avg.mgz, skipping.
[WARN] Missing /Volumes/SEAGATE_NIKHIL/OASIS_Processed/OAS2_0045/session_2/T1_avg.mgz, skipping.
[WARN] Missing /Volumes/SEAGATE_NIKHIL/OASIS_Processed/OAS2_0046/session_1/T1_avg.mgz, skipping.
[WARN] Missing /Volumes/SEAGATE_NIKHIL/OASIS_Processed/OAS2_0046/session_2/T1_avg.mgz, skipping.
[WARN] Missing /Volumes/SEAGATE_NIKHIL/OASIS_Processed/OAS2_0047/session_1/T1_avg.mgz, skipping.
[WARN] Missing /Volumes/SEAGATE_NIKHIL/OASIS_Processed/OAS2_0047/session_2/T1_avg.mgz, skipping.
[WARN] Missing /Volumes/SEAGATE_NIKHIL/OASIS_Processed/OAS2_0048/session_1/T1_avg.mgz, skipping.
[WARN] Missing /Volumes/SEAGATE_NIKHIL/OASIS_Processed/OAS2_0048/session_2/T1_avg.mgz, skipping.
[WARN] Missing /Volumes/SEAGATE_NIKHIL/OASIS_Processed/OAS2_0048/session_3/T1_avg.mgz, skipping.
[WARN] Missing /Volumes/SEAGATE_NIKHIL/OASIS_Processed/OAS2_0048/session_4/T1_avg.mgz, skipping.
[WARN] Missing /Volumes/SEAGATE_NIKHIL/OASIS_Processed/OAS2_0048/session_5/T1_avg.mgz, skipping.
[WARN] Missing /Volumes/SEAGATE_NIKHIL/OASIS_Processed/OAS2_0049/session_1/T1_avg.mgz, skipping.
[WARN] Missing /Volumes/SEAGATE_NIKHIL/OASIS_Processed/OAS2_0049/session_2/T1_avg.mgz, skipping.
[WARN] Missing /Volumes/SEAGATE_NIKHIL/OASIS_Processed/OAS2_0049/session_3/T1_avg.mgz, skipping.
[WARN] Missing /Volumes/SEAGATE_NIKHIL/OASIS_Processed/OAS2_0050/session_1/T1_avg.mgz, skipping.
[WARN] Missing /Volumes/SEAGATE_NIKHIL/OASIS_Processed/OAS2_0050/session_2/T1_avg.mgz, skipping.
[WARN] Missing /Volumes/SEAGATE_NIKHIL/OASIS_Processed/OAS2_0051/session_1/T1_avg.mgz, skipping.
[WARN] Missing /Volumes/SEAGATE_NIKHIL/OASIS_Processed/OAS2_0051/session_2/T1_avg.mgz, skipping.
[WARN] Missing /Volumes/SEAGATE_NIKHIL/OASIS_Processed/OAS2_0051/session_3/T1_avg.mgz, skipping.
[WARN] Missing /Volumes/SEAGATE_NIKHIL/OASIS_Processed/OAS2_0052/session_1/T1_avg.mgz, skipping.
[WARN] Missing /Volumes/SEAGATE_NIKHIL/OASIS_Processed/OAS2_0052/session_2/T1_avg.mgz, skipping.
[WARN] Missing /Volumes/SEAGATE_NIKHIL/OASIS_Processed/OAS2_0053/session_1/T1_avg.mgz, skipping.
[WARN] Missing /Volumes/SEAGATE_NIKHIL/OASIS_Processed/OAS2_0053/session_2/T1_avg.mgz, skipping.
[WARN] Missing /Volumes/SEAGATE_NIKHIL/OASIS_Processed/OAS2_0054/session_1/T1_avg.mgz, skipping.
[WARN] Missing /Volumes/SEAGATE_NIKHIL/OASIS_Processed/OAS2_0054/session_2/T1_avg.mgz, skipping.
[WARN] Missing /Volumes/SEAGATE_NIKHIL/OASIS_Processed/OAS2_0055/session_1/T1_avg.mgz, skipping.
[WARN] Missing /Volumes/SEAGATE_NIKHIL/OASIS_Processed/OAS2_0055/session_2/T1_avg.mgz, skipping.
[WARN] Missing /Volumes/SEAGATE_NIKHIL/OASIS_Processed/OAS2_0056/session_1/T1_avg.mgz, skipping.
[WARN] Missing /Volumes/SEAGATE_NIKHIL/OASIS_Processed/OAS2_0056/session_2/T1_avg.mgz, skipping.
[WARN] Missing /Volumes/SEAGATE_NIKHIL/OASIS_Processed/OAS2_0057/session_1/T1_avg.mgz, skipping.
[WARN] Missing /Volumes/SEAGATE_NIKHIL/OASIS_Processed/OAS2_0057/session_2/T1_avg.mgz, skipping.
[WARN] Missing /Volumes/SEAGATE_NIKHIL/OASIS_Processed/OAS2_0057/session_3/T1_avg.mgz, skipping.
[WARN] Missing /Volumes/SEAGATE_NIKHIL/OASIS_Processed/OAS2_0058/session_1/T1_avg.mgz, skipping.
[WARN] Missing /Volumes/SEAGATE_NIKHIL/OASIS_Processed/OAS2_0058/session_2/T1_avg.mgz, skipping.
[WARN] Missing /Volumes/SEAGATE_NIKHIL/OASIS_Processed/OAS2_0058/session_3/T1_avg.mgz, skipping.
[WARN] Missing /Volumes/SEAGATE_NIKHIL/OASIS_Processed/OAS2_0060/session_1/T1_avg.mgz, skipping.
[WARN] Missing /Volumes/SEAGATE_NIKHIL/OASIS_Processed/OAS2_0060/session_2/T1_avg.mgz, skipping.
[WARN] Missing /Volumes/SEAGATE_NIKHIL/OASIS_Processed/OAS2_0061/session_1/T1_avg.mgz, skipping.
[WARN] Missing /Volumes/SEAGATE_NIKHIL/OASIS_Processed/OAS2_0061/session_2/T1_avg.mgz, skipping.
[WARN] Missing /Volumes/SEAGATE_NIKHIL/OASIS_Processed/OAS2_0061/session_3/T1_avg.mgz, skipping.
[WARN] Missing /Volumes/SEAGATE_NIKHIL/OASIS_Processed/OAS2_0062/session_1/T1_avg.mgz, skipping.
[WARN] Missing /Volumes/SEAGATE_NIKHIL/OASIS_Processed/OAS2_0062/session_2/T1_avg.mgz, skipping.
[WARN] Missing /Volumes/SEAGATE_NIKHIL/OASIS_Processed/OAS2_0062/session_3/T1_avg.mgz, skipping.
[WARN] Missing /Volumes/SEAGATE_NIKHIL/OASIS_Processed/OAS2_0063/session_1/T1_avg.mgz, skipping.
[WARN] Missing /Volumes/SEAGATE_NIKHIL/OASIS_Processed/OAS2_0063/session_2/T1_avg.mgz, skipping.
[WARN] Missing /Volumes/SEAGATE_NIKHIL/OASIS_Processed/OAS2_0064/session_1/T1_avg.mgz, skipping.
[WARN] Missing /Volumes/SEAGATE_NIKHIL/OASIS_Processed/OAS2_0064/session_2/T1_avg.mgz, skipping.
[WARN] Missing /Volumes/SEAGATE_NIKHIL/OASIS_Processed/OAS2_0064/session_3/T1_avg.mgz, skipping.
[WARN] Missing /Volumes/SEAGATE_NIKHIL/OASIS_Processed/OAS2_0066/session_1/T1_avg.mgz, skipping.
[WARN] Missing /Volumes/SEAGATE_NIKHIL/OASIS_Processed/OAS2_0066/session_2/T1_avg.mgz, skipping.
[WARN] Missing /Volumes/SEAGATE_NIKHIL/OASIS_Processed/OAS2_0067/session_1/T1_avg.mgz, skipping.
[WARN] Missing /Volumes/SEAGATE_NIKHIL/OASIS_Processed/OAS2_0067/session_2/T1_avg.mgz, skipping.
[WARN] Missing /Volumes/SEAGATE_NIKHIL/OASIS_Processed/OAS2_0067/session_3/T1_avg.mgz, skipping.
[WARN] Missing /Volumes/SEAGATE_NIKHIL/OASIS_Processed/OAS2_0067/session_4/T1_avg.mgz, skipping.
[WARN] Missing /Volumes/SEAGATE_NIKHIL/OASIS_Processed/OAS2_0068/session_1/T1_avg.mgz, skipping.
[WARN] Missing /Volumes/SEAGATE_NIKHIL/OASIS_Processed/OAS2_0068/session_2/T1_avg.mgz, skipping.
[WARN] Missing /Volumes/SEAGATE_NIKHIL/OASIS_Processed/OAS2_0069/session_1/T1_avg.mgz, skipping.
[WARN] Missing /Volumes/SEAGATE_NIKHIL/OASIS_Processed/OAS2_0069/session_2/T1_avg.mgz, skipping.
[WARN] Missing /Volumes/SEAGATE_NIKHIL/OASIS_Processed/OAS2_0070/session_1/T1_avg.mgz, skipping.
[WARN] Missing /Volumes/SEAGATE_NIKHIL/OASIS_Processed/OAS2_0070/session_2/T1_avg.mgz, skipping.
[WARN] Missing /Volumes/SEAGATE_NIKHIL/OASIS_Processed/OAS2_0070/session_3/T1_avg.mgz, skipping.
[WARN] Missing /Volumes/SEAGATE_NIKHIL/OASIS_Processed/OAS2_0070/session_4/T1_avg.mgz, skipping.
[WARN] Missing /Volumes/SEAGATE_NIKHIL/OASIS_Processed/OAS2_0070/session_5/T1_avg.mgz, skipping.
[WARN] Missing /Volumes/SEAGATE_NIKHIL/OASIS_Processed/OAS2_0071/session_1/T1_avg.mgz, skipping.
[WARN] Missing /Volumes/SEAGATE_NIKHIL/OASIS_Processed/OAS2_0071/session_2/T1_avg.mgz, skipping.
[WARN] Missing /Volumes/SEAGATE_NIKHIL/OASIS_Processed/OAS2_0073/session_1/T1_avg.mgz, skipping.
[WARN] Missing /Volumes/SEAGATE_NIKHIL/OASIS_Processed/OAS2_0073/session_2/T1_avg.mgz, skipping.
[WARN] Missing /Volumes/SEAGATE_NIKHIL/OASIS_Processed/OAS2_0073/session_3/T1_avg.mgz, skipping.
[WARN] Missing /Volumes/SEAGATE_NIKHIL/OASIS_Processed/OAS2_0073/session_4/T1_avg.mgz, skipping.
[WARN] Missing /Volumes/SEAGATE_NIKHIL/OASIS_Processed/OAS2_0073/session_5/T1_avg.mgz, skipping.
[WARN] Missing /Volumes/SEAGATE_NIKHIL/OASIS_Processed/OAS2_0075/session_1/T1_avg.mgz, skipping.
[WARN] Missing /Volumes/SEAGATE_NIKHIL/OASIS_Processed/OAS2_0075/session_2/T1_avg.mgz, skipping.
[WARN] Missing /Volumes/SEAGATE_NIKHIL/OASIS_Processed/OAS2_0076/session_1/T1_avg.mgz, skipping.
[WARN] Missing /Volumes/SEAGATE_NIKHIL/OASIS_Processed/OAS2_0076/session_2/T1_avg.mgz, skipping.
[WARN] Missing /Volumes/SEAGATE_NIKHIL/OASIS_Processed/OAS2_0076/session_3/T1_avg.mgz, skipping.
[WARN] Missing /Volumes/SEAGATE_NIKHIL/OASIS_Processed/OAS2_0077/session_1/T1_avg.mgz, skipping.
[WARN] Missing /Volumes/SEAGATE_NIKHIL/OASIS_Processed/OAS2_0077/session_2/T1_avg.mgz, skipping.
[WARN] Missing /Volumes/SEAGATE_NIKHIL/OASIS_Processed/OAS2_0078/session_1/T1_avg.mgz, skipping.
[WARN] Missing /Volumes/SEAGATE_NIKHIL/OASIS_Processed/OAS2_0078/session_2/T1_avg.mgz, skipping.
[WARN] Missing /Volumes/SEAGATE_NIKHIL/OASIS_Processed/OAS2_0078/session_3/T1_avg.mgz, skipping.
[WARN] Missing /Volumes/SEAGATE_NIKHIL/OASIS_Processed/OAS2_0079/session_1/T1_avg.mgz, skipping.
[WARN] Missing /Volumes/SEAGATE_NIKHIL/OASIS_Processed/OAS2_0079/session_2/T1_avg.mgz, skipping.
[WARN] Missing /Volumes/SEAGATE_NIKHIL/OASIS_Processed/OAS2_0079/session_3/T1_avg.mgz, skipping.
[WARN] Missing /Volumes/SEAGATE_NIKHIL/OASIS_Processed/OAS2_0080/session_1/T1_avg.mgz, skipping.
[WARN] Missing /Volumes/SEAGATE_NIKHIL/OASIS_Processed/OAS2_0080/session_2/T1_avg.mgz, skipping.
[WARN] Missing /Volumes/SEAGATE_NIKHIL/OASIS_Processed/OAS2_0080/session_3/T1_avg.mgz, skipping.
[WARN] Missing /Volumes/SEAGATE_NIKHIL/OASIS_Processed/OAS2_0081/session_1/T1_avg.mgz, skipping.
[WARN] Missing /Volumes/SEAGATE_NIKHIL/OASIS_Processed/OAS2_0081/session_2/T1_avg.mgz, skipping.
[WARN] Missing /Volumes/SEAGATE_NIKHIL/OASIS_Processed/OAS2_0085/session_1/T1_avg.mgz, skipping.
[WARN] Missing /Volumes/SEAGATE_NIKHIL/OASIS_Processed/OAS2_0085/session_2/T1_avg.mgz, skipping.
[WARN] Missing /Volumes/SEAGATE_NIKHIL/OASIS_Processed/OAS2_0086/session_1/T1_avg.mgz, skipping.
[WARN] Missing /Volumes/SEAGATE_NIKHIL/OASIS_Processed/OAS2_0086/session_2/T1_avg.mgz, skipping.
[WARN] Missing /Volumes/SEAGATE_NIKHIL/OASIS_Processed/OAS2_0087/session_1/T1_avg.mgz, skipping.
[WARN] Missing /Volumes/SEAGATE_NIKHIL/OASIS_Processed/OAS2_0087/session_2/T1_avg.mgz, skipping.
[WARN] Missing /Volumes/SEAGATE_NIKHIL/OASIS_Processed/OAS2_0088/session_1/T1_avg.mgz, skipping.
[WARN] Missing /Volumes/SEAGATE_NIKHIL/OASIS_Processed/OAS2_0088/session_2/T1_avg.mgz, skipping.
[WARN] Missing /Volumes/SEAGATE_NIKHIL/OASIS_Processed/OAS2_0089/session_1/T1_avg.mgz, skipping.
[WARN] Missing /Volumes/SEAGATE_NIKHIL/OASIS_Processed/OAS2_0089/session_3/T1_avg.mgz, skipping.
[WARN] Missing /Volumes/SEAGATE_NIKHIL/OASIS_Processed/OAS2_0090/session_1/T1_avg.mgz, skipping.
[WARN] Missing /Volumes/SEAGATE_NIKHIL/OASIS_Processed/OAS2_0090/session_2/T1_avg.mgz, skipping.
[WARN] Missing /Volumes/SEAGATE_NIKHIL/OASIS_Processed/OAS2_0090/session_3/T1_avg.mgz, skipping.
[WARN] Missing /Volumes/SEAGATE_NIKHIL/OASIS_Processed/OAS2_0091/session_1/T1_avg.mgz, skipping.
[WARN] Missing /Volumes/SEAGATE_NIKHIL/OASIS_Processed/OAS2_0091/session_2/T1_avg.mgz, skipping.
[WARN] Missing /Volumes/SEAGATE_NIKHIL/OASIS_Processed/OAS2_0092/session_1/T1_avg.mgz, skipping.
[WARN] Missing /Volumes/SEAGATE_NIKHIL/OASIS_Processed/OAS2_0092/session_2/T1_avg.mgz, skipping.
[WARN] Missing /Volumes/SEAGATE_NIKHIL/OASIS_Processed/OAS2_0094/session_1/T1_avg.mgz, skipping.
[WARN] Missing /Volumes/SEAGATE_NIKHIL/OASIS_Processed/OAS2_0094/session_2/T1_avg.mgz, skipping.
[WARN] Missing /Volumes/SEAGATE_NIKHIL/OASIS_Processed/OAS2_0095/session_1/T1_avg.mgz, skipping.
[WARN] Missing /Volumes/SEAGATE_NIKHIL/OASIS_Processed/OAS2_0095/session_2/T1_avg.mgz, skipping.
[WARN] Missing /Volumes/SEAGATE_NIKHIL/OASIS_Processed/OAS2_0095/session_3/T1_avg.mgz, skipping.
[WARN] Missing /Volumes/SEAGATE_NIKHIL/OASIS_Processed/OAS2_0096/session_1/T1_avg.mgz, skipping.
[WARN] Missing /Volumes/SEAGATE_NIKHIL/OASIS_Processed/OAS2_0096/session_2/T1_avg.mgz, skipping.
[WARN] Missing /Volumes/SEAGATE_NIKHIL/OASIS_Processed/OAS2_0097/session_1/T1_avg.mgz, skipping.
[WARN] Missing /Volumes/SEAGATE_NIKHIL/OASIS_Processed/OAS2_0097/session_2/T1_avg.mgz, skipping.
[WARN] Missing /Volumes/SEAGATE_NIKHIL/OASIS_Processed/OAS2_0098/session_1/T1_avg.mgz, skipping.
[WARN] Missing /Volumes/SEAGATE_NIKHIL/OASIS_Processed/OAS2_0098/session_2/T1_avg.mgz, skipping.
[WARN] Missing /Volumes/SEAGATE_NIKHIL/OASIS_Processed/OAS2_0099/session_1/T1_avg.mgz, skipping.
[WARN] Missing /Volumes/SEAGATE_NIKHIL/OASIS_Processed/OAS2_0099/session_2/T1_avg.mgz, skipping.
[WARN] Missing /Volumes/SEAGATE_NIKHIL/OASIS_Processed/OAS2_0100/session_1/T1_avg.mgz, skipping.
[WARN] Missing /Volumes/SEAGATE_NIKHIL/OASIS_Processed/OAS2_0100/session_2/T1_avg.mgz, skipping.
[WARN] Missing /Volumes/SEAGATE_NIKHIL/OASIS_Processed/OAS2_0100/session_3/T1_avg.mgz, skipping.
[WARN] Missing /Volumes/SEAGATE_NIKHIL/OASIS_Processed/OAS2_0101/session_1/T1_avg.mgz, skipping.
[WARN] Missing /Volumes/SEAGATE_NIKHIL/OASIS_Processed/OAS2_0101/session_2/T1_avg.mgz, skipping.
[WARN] Missing /Volumes/SEAGATE_NIKHIL/OASIS_Processed/OAS2_0101/session_3/T1_avg.mgz, skipping.
[WARN] Missing /Volumes/SEAGATE_NIKHIL/OASIS_Processed/OAS2_0102/session_1/T1_avg.mgz, skipping.
[WARN] Missing /Volumes/SEAGATE_NIKHIL/OASIS_Processed/OAS2_0102/session_2/T1_avg.mgz, skipping.
[WARN] Missing /Volumes/SEAGATE_NIKHIL/OASIS_Processed/OAS2_0102/session_3/T1_avg.mgz, skipping.
[WARN] Missing /Volumes/SEAGATE_NIKHIL/OASIS_Processed/OAS2_0103/session_1/T1_avg.mgz, skipping.
[WARN] Missing /Volumes/SEAGATE_NIKHIL/OASIS_Processed/OAS2_0103/session_2/T1_avg.mgz, skipping.
[WARN] Missing /Volumes/SEAGATE_NIKHIL/OASIS_Processed/OAS2_0103/session_3/T1_avg.mgz, skipping.
[WARN] Missing /Volumes/SEAGATE_NIKHIL/OASIS_Processed/OAS2_0104/session_1/T1_avg.mgz, skipping.
[WARN] Missing /Volumes/SEAGATE_NIKHIL/OASIS_Processed/OAS2_0104/session_2/T1_avg.mgz, skipping.
[WARN] Missing /Volumes/SEAGATE_NIKHIL/OASIS_Processed/OAS2_0105/session_1/T1_avg.mgz, skipping.
[WARN] Missing /Volumes/SEAGATE_NIKHIL/OASIS_Processed/OAS2_0105/session_2/T1_avg.mgz, skipping.
[WARN] Missing /Volumes/SEAGATE_NIKHIL/OASIS_Processed/OAS2_0106/session_1/T1_avg.mgz, skipping.
[WARN] Missing /Volumes/SEAGATE_NIKHIL/OASIS_Processed/OAS2_0106/session_2/T1_avg.mgz, skipping.
[WARN] Missing /Volumes/SEAGATE_NIKHIL/OASIS_Processed/OAS2_0108/session_1/T1_avg.mgz, skipping.
[WARN] Missing /Volumes/SEAGATE_NIKHIL/OASIS_Processed/OAS2_0108/session_2/T1_avg.mgz, skipping.
[WARN] Missing /Volumes/SEAGATE_NIKHIL/OASIS_Processed/OAS2_0109/session_1/T1_avg.mgz, skipping.
[WARN] Missing /Volumes/SEAGATE_NIKHIL/OASIS_Processed/OAS2_0109/session_2/T1_avg.mgz, skipping.
[WARN] Missing /Volumes/SEAGATE_NIKHIL/OASIS_Processed/OAS2_0111/session_1/T1_avg.mgz, skipping.
[WARN] Missing /Volumes/SEAGATE_NIKHIL/OASIS_Processed/OAS2_0111/session_2/T1_avg.mgz, skipping.
[WARN] Missing /Volumes/SEAGATE_NIKHIL/OASIS_Processed/OAS2_0112/session_1/T1_avg.mgz, skipping.
[WARN] Missing /Volumes/SEAGATE_NIKHIL/OASIS_Processed/OAS2_0112/session_2/T1_avg.mgz, skipping.
[WARN] Missing /Volumes/SEAGATE_NIKHIL/OASIS_Processed/OAS2_0113/session_1/T1_avg.mgz, skipping.
[WARN] Missing /Volumes/SEAGATE_NIKHIL/OASIS_Processed/OAS2_0113/session_2/T1_avg.mgz, skipping.
[WARN] Missing /Volumes/SEAGATE_NIKHIL/OASIS_Processed/OAS2_0114/session_1/T1_avg.mgz, skipping.
[WARN] Missing /Volumes/SEAGATE_NIKHIL/OASIS_Processed/OAS2_0114/session_2/T1_avg.mgz, skipping.
[WARN] Missing /Volumes/SEAGATE_NIKHIL/OASIS_Processed/OAS2_0116/session_1/T1_avg.mgz, skipping.
[WARN] Missing /Volumes/SEAGATE_NIKHIL/OASIS_Processed/OAS2_0116/session_2/T1_avg.mgz, skipping.
[WARN] Missing /Volumes/SEAGATE_NIKHIL/OASIS_Processed/OAS2_0117/session_1/T1_avg.mgz, skipping.
[WARN] Missing /Volumes/SEAGATE_NIKHIL/OASIS_Processed/OAS2_0117/session_2/T1_avg.mgz, skipping.
[WARN] Missing /Volumes/SEAGATE_NIKHIL/OASIS_Processed/OAS2_0117/session_3/T1_avg.mgz, skipping.
[WARN] Missing /Volumes/SEAGATE_NIKHIL/OASIS_Processed/OAS2_0117/session_4/T1_avg.mgz, skipping.
[WARN] Missing /Volumes/SEAGATE_NIKHIL/OASIS_Processed/OAS2_0118/session_1/T1_avg.mgz, skipping.
[WARN] Missing /Volumes/SEAGATE_NIKHIL/OASIS_Processed/OAS2_0118/session_2/T1_avg.mgz, skipping.
[WARN] Missing /Volumes/SEAGATE_NIKHIL/OASIS_Processed/OAS2_0119/session_1/T1_avg.mgz, skipping.
[WARN] Missing /Volumes/SEAGATE_NIKHIL/OASIS_Processed/OAS2_0119/session_2/T1_avg.mgz, skipping.
[WARN] Missing /Volumes/SEAGATE_NIKHIL/OASIS_Processed/OAS2_0119/session_3/T1_avg.mgz, skipping.
[WARN] Missing /Volumes/SEAGATE_NIKHIL/OASIS_Processed/OAS2_0120/session_1/T1_avg.mgz, skipping.
[WARN] Missing /Volumes/SEAGATE_NIKHIL/OASIS_Processed/OAS2_0120/session_2/T1_avg.mgz, skipping.
[WARN] Missing /Volumes/SEAGATE_NIKHIL/OASIS_Processed/OAS2_0121/session_1/T1_avg.mgz, skipping.
[WARN] Missing /Volumes/SEAGATE_NIKHIL/OASIS_Processed/OAS2_0121/session_2/T1_avg.mgz, skipping.
[WARN] Missing /Volumes/SEAGATE_NIKHIL/OASIS_Processed/OAS2_0122/session_1/T1_avg.mgz, skipping.
[WARN] Missing /Volumes/SEAGATE_NIKHIL/OASIS_Processed/OAS2_0122/session_2/T1_avg.mgz, skipping.
[WARN] Missing /Volumes/SEAGATE_NIKHIL/OASIS_Processed/OAS2_0124/session_1/T1_avg.mgz, skipping.
[WARN] Missing /Volumes/SEAGATE_NIKHIL/OASIS_Processed/OAS2_0124/session_2/T1_avg.mgz, skipping.
[WARN] Missing /Volumes/SEAGATE_NIKHIL/OASIS_Processed/OAS2_0126/session_1/T1_avg.mgz, skipping.
[WARN] Missing /Volumes/SEAGATE_NIKHIL/OASIS_Processed/OAS2_0126/session_2/T1_avg.mgz, skipping.
[WARN] Missing /Volumes/SEAGATE_NIKHIL/OASIS_Processed/OAS2_0126/session_3/T1_avg.mgz, skipping.
[WARN] Missing /Volumes/SEAGATE_NIKHIL/OASIS_Processed/OAS2_0127/session_1/T1_avg.mgz, skipping.
[WARN] Missing /Volumes/SEAGATE_NIKHIL/OASIS_Processed/OAS2_0127/session_2/T1_avg.mgz, skipping.
[WARN] Missing /Volumes/SEAGATE_NIKHIL/OASIS_Processed/OAS2_0127/session_3/T1_avg.mgz, skipping.
[WARN] Missing /Volumes/SEAGATE_NIKHIL/OASIS_Processed/OAS2_0127/session_4/T1_avg.mgz, skipping.
[WARN] Missing /Volumes/SEAGATE_NIKHIL/OASIS_Processed/OAS2_0127/session_5/T1_avg.mgz, skipping.
[WARN] Missing /Volumes/SEAGATE_NIKHIL/OASIS_Processed/OAS2_0128/session_1/T1_avg.mgz, skipping.
[WARN] Missing /Volumes/SEAGATE_NIKHIL/OASIS_Processed/OAS2_0128/session_2/T1_avg.mgz, skipping.
[WARN] Missing /Volumes/SEAGATE_NIKHIL/OASIS_Processed/OAS2_0129/session_1/T1_avg.mgz, skipping.
[WARN] Missing /Volumes/SEAGATE_NIKHIL/OASIS_Processed/OAS2_0129/session_2/T1_avg.mgz, skipping.
[WARN] Missing /Volumes/SEAGATE_NIKHIL/OASIS_Processed/OAS2_0129/session_3/T1_avg.mgz, skipping.
[WARN] Missing /Volumes/SEAGATE_NIKHIL/OASIS_Processed/OAS2_0131/session_1/T1_avg.mgz, skipping.
[WARN] Missing /Volumes/SEAGATE_NIKHIL/OASIS_Processed/OAS2_0131/session_2/T1_avg.mgz, skipping.
[WARN] Missing /Volumes/SEAGATE_NIKHIL/OASIS_Processed/OAS2_0133/session_1/T1_avg.mgz, skipping.
[WARN] Missing /Volumes/SEAGATE_NIKHIL/OASIS_Processed/OAS2_0133/session_3/T1_avg.mgz, skipping.
[WARN] Missing /Volumes/SEAGATE_NIKHIL/OASIS_Processed/OAS2_0134/session_1/T1_avg.mgz, skipping.
[WARN] Missing /Volumes/SEAGATE_NIKHIL/OASIS_Processed/OAS2_0134/session_2/T1_avg.mgz, skipping.
[WARN] Missing /Volumes/SEAGATE_NIKHIL/OASIS_Processed/OAS2_0135/session_1/T1_avg.mgz, skipping.
[WARN] Missing /Volumes/SEAGATE_NIKHIL/OASIS_Processed/OAS2_0135/session_2/T1_avg.mgz, skipping.
[WARN] Missing /Volumes/SEAGATE_NIKHIL/OASIS_Processed/OAS2_0137/session_1/T1_avg.mgz, skipping.
[WARN] Missing /Volumes/SEAGATE_NIKHIL/OASIS_Processed/OAS2_0137/session_2/T1_avg.mgz, skipping.
[WARN] Missing /Volumes/SEAGATE_NIKHIL/OASIS_Processed/OAS2_0138/session_1/T1_avg.mgz, skipping.
[WARN] Missing /Volumes/SEAGATE_NIKHIL/OASIS_Processed/OAS2_0138/session_2/T1_avg.mgz, skipping.
[WARN] Missing /Volumes/SEAGATE_NIKHIL/OASIS_Processed/OAS2_0139/session_1/T1_avg.mgz, skipping.
[WARN] Missing /Volumes/SEAGATE_NIKHIL/OASIS_Processed/OAS2_0139/session_2/T1_avg.mgz, skipping.
[WARN] Missing /Volumes/SEAGATE_NIKHIL/OASIS_Processed/OAS2_0140/session_1/T1_avg.mgz, skipping.
[WARN] Missing /Volumes/SEAGATE_NIKHIL/OASIS_Processed/OAS2_0140/session_2/T1_avg.mgz, skipping.
[WARN] Missing /Volumes/SEAGATE_NIKHIL/OASIS_Processed/OAS2_0140/session_3/T1_avg.mgz, skipping.
[WARN] Missing /Volumes/SEAGATE_NIKHIL/OASIS_Processed/OAS2_0141/session_1/T1_avg.mgz, skipping.
[WARN] Missing /Volumes/SEAGATE_NIKHIL/OASIS_Processed/OAS2_0141/session_2/T1_avg.mgz, skipping.
[WARN] Missing /Volumes/SEAGATE_NIKHIL/OASIS_Processed/OAS2_0142/session_1/T1_avg.mgz, skipping.
[WARN] Missing /Volumes/SEAGATE_NIKHIL/OASIS_Processed/OAS2_0142/session_2/T1_avg.mgz, skipping.
[WARN] Missing /Volumes/SEAGATE_NIKHIL/OASIS_Processed/OAS2_0143/session_1/T1_avg.mgz, skipping.
[WARN] Missing /Volumes/SEAGATE_NIKHIL/OASIS_Processed/OAS2_0143/session_2/T1_avg.mgz, skipping.
[WARN] Missing /Volumes/SEAGATE_NIKHIL/OASIS_Processed/OAS2_0143/session_3/T1_avg.mgz, skipping.
[WARN] Missing /Volumes/SEAGATE_NIKHIL/OASIS_Processed/OAS2_0144/session_1/T1_avg.mgz, skipping.
[WARN] Missing /Volumes/SEAGATE_NIKHIL/OASIS_Processed/OAS2_0144/session_2/T1_avg.mgz, skipping.
[WARN] Missing /Volumes/SEAGATE_NIKHIL/OASIS_Processed/OAS2_0145/session_1/T1_avg.mgz, skipping.
[WARN] Missing /Volumes/SEAGATE_NIKHIL/OASIS_Processed/OAS2_0145/session_2/T1_avg.mgz, skipping.
[WARN] Missing /Volumes/SEAGATE_NIKHIL/OASIS_Processed/OAS2_0146/session_1/T1_avg.mgz, skipping.
[WARN] Missing /Volumes/SEAGATE_NIKHIL/OASIS_Processed/OAS2_0146/session_2/T1_avg.mgz, skipping.
[WARN] Missing /Volumes/SEAGATE_NIKHIL/OASIS_Processed/OAS2_0147/session_1/T1_avg.mgz, skipping.
[WARN] Missing /Volumes/SEAGATE_NIKHIL/OASIS_Processed/OAS2_0147/session_2/T1_avg.mgz, skipping.
[WARN] Missing /Volumes/SEAGATE_NIKHIL/OASIS_Processed/OAS2_0147/session_3/T1_avg.mgz, skipping.
[WARN] Missing /Volumes/SEAGATE_NIKHIL/OASIS_Processed/OAS2_0147/session_4/T1_avg.mgz, skipping.
[WARN] Missing /Volumes/SEAGATE_NIKHIL/OASIS_Processed/OAS2_0149/session_1/T1_avg.mgz, skipping.
[WARN] Missing /Volumes/SEAGATE_NIKHIL/OASIS_Processed/OAS2_0149/session_2/T1_avg.mgz, skipping.
[WARN] Missing /Volumes/SEAGATE_NIKHIL/OASIS_Processed/OAS2_0150/session_1/T1_avg.mgz, skipping.
[WARN] Missing /Volumes/SEAGATE_NIKHIL/OASIS_Processed/OAS2_0150/session_2/T1_avg.mgz, skipping.
[WARN] Missing /Volumes/SEAGATE_NIKHIL/OASIS_Processed/OAS2_0152/session_1/T1_avg.mgz, skipping.
[WARN] Missing /Volumes/SEAGATE_NIKHIL/OASIS_Processed/OAS2_0152/session_2/T1_avg.mgz, skipping.
[WARN] Missing /Volumes/SEAGATE_NIKHIL/OASIS_Processed/OAS2_0152/session_3/T1_avg.mgz, skipping.
[WARN] Missing /Volumes/SEAGATE_NIKHIL/OASIS_Processed/OAS2_0154/session_1/T1_avg.mgz, skipping.
[WARN] Missing /Volumes/SEAGATE_NIKHIL/OASIS_Processed/OAS2_0154/session_2/T1_avg.mgz, skipping.
[WARN] Missing /Volumes/SEAGATE_NIKHIL/OASIS_Processed/OAS2_0156/session_1/T1_avg.mgz, skipping.
[WARN] Missing /Volumes/SEAGATE_NIKHIL/OASIS_Processed/OAS2_0156/session_2/T1_avg.mgz, skipping.
[WARN] Missing /Volumes/SEAGATE_NIKHIL/OASIS_Processed/OAS2_0157/session_1/T1_avg.mgz, skipping.
[WARN] Missing /Volumes/SEAGATE_NIKHIL/OASIS_Processed/OAS2_0157/session_2/T1_avg.mgz, skipping.
[WARN] Missing /Volumes/SEAGATE_NIKHIL/OASIS_Processed/OAS2_0158/session_1/T1_avg.mgz, skipping.
[WARN] Missing /Volumes/SEAGATE_NIKHIL/OASIS_Processed/OAS2_0158/session_2/T1_avg.mgz, skipping.
[WARN] Missing /Volumes/SEAGATE_NIKHIL/OASIS_Processed/OAS2_0159/session_1/T1_avg.mgz, skipping.
[WARN] Missing /Volumes/SEAGATE_NIKHIL/OASIS_Processed/OAS2_0159/session_2/T1_avg.mgz, skipping.
[WARN] Missing /Volumes/SEAGATE_NIKHIL/OASIS_Processed/OAS2_0160/session_1/T1_avg.mgz, skipping.
[WARN] Missing /Volumes/SEAGATE_NIKHIL/OASIS_Processed/OAS2_0160/session_2/T1_avg.mgz, skipping.
[WARN] Missing /Volumes/SEAGATE_NIKHIL/OASIS_Processed/OAS2_0161/session_1/T1_avg.mgz, skipping.
[WARN] Missing /Volumes/SEAGATE_NIKHIL/OASIS_Processed/OAS2_0161/session_2/T1_avg.mgz, skipping.
[WARN] Missing /Volumes/SEAGATE_NIKHIL/OASIS_Processed/OAS2_0161/session_3/T1_avg.mgz, skipping.
[WARN] Missing /Volumes/SEAGATE_NIKHIL/OASIS_Processed/OAS2_0162/session_1/T1_avg.mgz, skipping.
[WARN] Missing /Volumes/SEAGATE_NIKHIL/OASIS_Processed/OAS2_0162/session_2/T1_avg.mgz, skipping.
[WARN] Missing /Volumes/SEAGATE_NIKHIL/OASIS_Processed/OAS2_0164/session_1/T1_avg.mgz, skipping.
[WARN] Missing /Volumes/SEAGATE_NIKHIL/OASIS_Processed/OAS2_0164/session_2/T1_avg.mgz, skipping.
[WARN] Missing /Volumes/SEAGATE_NIKHIL/OASIS_Processed/OAS2_0165/session_1/T1_avg.mgz, skipping.
[WARN] Missing /Volumes/SEAGATE_NIKHIL/OASIS_Processed/OAS2_0165/session_2/T1_avg.mgz, skipping.
[WARN] Missing /Volumes/SEAGATE_NIKHIL/OASIS_Processed/OAS2_0169/session_1/T1_avg.mgz, skipping.
[WARN] Missing /Volumes/SEAGATE_NIKHIL/OASIS_Processed/OAS2_0169/session_2/T1_avg.mgz, skipping.
[WARN] Missing /Volumes/SEAGATE_NIKHIL/OASIS_Processed/OAS2_0171/session_1/T1_avg.mgz, skipping.
[WARN] Missing /Volumes/SEAGATE_NIKHIL/OASIS_Processed/OAS2_0171/session_2/T1_avg.mgz, skipping.
[WARN] Missing /Volumes/SEAGATE_NIKHIL/OASIS_Processed/OAS2_0171/session_3/T1_avg.mgz, skipping.
[WARN] Missing /Volumes/SEAGATE_NIKHIL/OASIS_Processed/OAS2_0172/session_1/T1_avg.mgz, skipping.
[WARN] Missing /Volumes/SEAGATE_NIKHIL/OASIS_Processed/OAS2_0172/session_2/T1_avg.mgz, skipping.
[WARN] Missing /Volumes/SEAGATE_NIKHIL/OASIS_Processed/OAS2_0174/session_1/T1_avg.mgz, skipping.
[WARN] Missing /Volumes/SEAGATE_NIKHIL/OASIS_Processed/OAS2_0174/session_2/T1_avg.mgz, skipping.
[WARN] Missing /Volumes/SEAGATE_NIKHIL/OASIS_Processed/OAS2_0174/session_3/T1_avg.mgz, skipping.
[WARN] Missing /Volumes/SEAGATE_NIKHIL/OASIS_Processed/OAS2_0175/session_1/T1_avg.mgz, skipping.
[WARN] Missing /Volumes/SEAGATE_NIKHIL/OASIS_Processed/OAS2_0175/session_2/T1_avg.mgz, skipping.
[WARN] Missing /Volumes/SEAGATE_NIKHIL/OASIS_Processed/OAS2_0175/session_3/T1_avg.mgz, skipping.
[WARN] Missing /Volumes/SEAGATE_NIKHIL/OASIS_Processed/OAS2_0176/session_1/T1_avg.mgz, skipping.
[WARN] Missing /Volumes/SEAGATE_NIKHIL/OASIS_Processed/OAS2_0176/session_2/T1_avg.mgz, skipping.
[WARN] Missing /Volumes/SEAGATE_NIKHIL/OASIS_Processed/OAS2_0176/session_3/T1_avg.mgz, skipping.
[WARN] Missing /Volumes/SEAGATE_NIKHIL/OASIS_Processed/OAS2_0177/session_1/T1_avg.mgz, skipping.
[WARN] Missing /Volumes/SEAGATE_NIKHIL/OASIS_Processed/OAS2_0177/session_2/T1_avg.mgz, skipping.
[WARN] Missing /Volumes/SEAGATE_NIKHIL/OASIS_Processed/OAS2_0178/session_1/T1_avg.mgz, skipping.
[WARN] Missing /Volumes/SEAGATE_NIKHIL/OASIS_Processed/OAS2_0178/session_2/T1_avg.mgz, skipping.
[WARN] Missing /Volumes/SEAGATE_NIKHIL/OASIS_Processed/OAS2_0178/session_3/T1_avg.mgz, skipping.
[WARN] Missing /Volumes/SEAGATE_NIKHIL/OASIS_Processed/OAS2_0179/session_1/T1_avg.mgz, skipping.
[WARN] Missing /Volumes/SEAGATE_NIKHIL/OASIS_Processed/OAS2_0179/session_2/T1_avg.mgz, skipping.
[WARN] Missing /Volumes/SEAGATE_NIKHIL/OASIS_Processed/OAS2_0181/session_1/T1_avg.mgz, skipping.
[WARN] Missing /Volumes/SEAGATE_NIKHIL/OASIS_Processed/OAS2_0181/session_2/T1_avg.mgz, skipping.
[WARN] Missing /Volumes/SEAGATE_NIKHIL/OASIS_Processed/OAS2_0181/session_3/T1_avg.mgz, skipping.
[WARN] Missing /Volumes/SEAGATE_NIKHIL/OASIS_Processed/OAS2_0182/session_1/T1_avg.mgz, skipping.
[WARN] Missing /Volumes/SEAGATE_NIKHIL/OASIS_Processed/OAS2_0182/session_2/T1_avg.mgz, skipping.
[WARN] Missing /Volumes/SEAGATE_NIKHIL/OASIS_Processed/OAS2_0183/session_1/T1_avg.mgz, skipping.
[WARN] Missing /Volumes/SEAGATE_NIKHIL/OASIS_Processed/OAS2_0183/session_2/T1_avg.mgz, skipping.
[WARN] Missing /Volumes/SEAGATE_NIKHIL/OASIS_Processed/OAS2_0183/session_3/T1_avg.mgz, skipping.
[WARN] Missing /Volumes/SEAGATE_NIKHIL/OASIS_Processed/OAS2_0183/session_4/T1_avg.mgz, skipping.
[WARN] Missing /Volumes/SEAGATE_NIKHIL/OASIS_Processed/OAS2_0184/session_1/T1_avg.mgz, skipping.
[WARN] Missing /Volumes/SEAGATE_NIKHIL/OASIS_Processed/OAS2_0184/session_2/T1_avg.mgz, skipping.
[WARN] Missing /Volumes/SEAGATE_NIKHIL/OASIS_Processed/OAS2_0185/session_1/T1_avg.mgz, skipping.
[WARN] Missing /Volumes/SEAGATE_NIKHIL/OASIS_Processed/OAS2_0185/session_2/T1_avg.mgz, skipping.
[WARN] Missing /Volumes/SEAGATE_NIKHIL/OASIS_Processed/OAS2_0185/session_3/T1_avg.mgz, skipping.
[WARN] Missing /Volumes/SEAGATE_NIKHIL/OASIS_Processed/OAS2_0186/session_1/T1_avg.mgz, skipping.
[WARN] Missing /Volumes/SEAGATE_NIKHIL/OASIS_Processed/OAS2_0186/session_2/T1_avg.mgz, skipping.
[WARN] Missing /Volumes/SEAGATE_NIKHIL/OASIS_Processed/OAS2_0186/session_3/T1_avg.mgz, skipping.
[INFO] Skull-stripping complete.
